#
# There is insufficient memory for the Java Runtime Environment to continue.
# Native memory allocation (malloc) failed to allocate 1701408 bytes. Error detail: Chunk::new
# Possible reasons:
#   The system is out of physical RAM or swap space
#   This process is running with CompressedOops enabled, and the Java Heap may be blocking the growth of the native heap
# Possible solutions:
#   Reduce memory load on the system
#   Increase physical memory or swap space
#   Check if swap backing store is full
#   Decrease Java heap size (-Xmx/-Xms)
#   Decrease number of Java threads
#   Decrease Java thread stack sizes (-Xss)
#   Set larger code cache with -XX:ReservedCodeCacheSize=
#   JVM is running with Unscaled Compressed Oops mode in which the Java heap is
#     placed in the first 4GB address space. The Java Heap base address is the
#     maximum limit for the native heap growth. Please use -XX:HeapBaseMinAddress
#     to set the Java Heap base and to place the Java Heap above 4GB virtual address.
# This output file may be truncated or incomplete.
#
#  Out of Memory Error (arena.cpp:168), pid=12608, tid=27232
#
# JRE version: OpenJDK Runtime Environment Temurin-21.0.10+7 (21.0.10+7) (build 21.0.10+7-LTS)
# Java VM: OpenJDK 64-Bit Server VM Temurin-21.0.10+7 (21.0.10+7-LTS, mixed mode, sharing, tiered, compressed oops, compressed class ptrs, parallel gc, windows-amd64)
# No core dump will be written. Minidumps are not enabled by default on client versions of Windows
#

---------------  S U M M A R Y ------------

Command Line: --add-modules=ALL-SYSTEM --add-opens=java.base/java.util=ALL-UNNAMED --add-opens=java.base/java.lang=ALL-UNNAMED --add-opens=java.base/sun.nio.fs=ALL-UNNAMED -Declipse.application=org.eclipse.jdt.ls.core.id1 -Dosgi.bundles.defaultStartLevel=4 -Declipse.product=org.eclipse.jdt.ls.core.product -Djava.import.generatesMetadataFilesAtProjectRoot=false -DDetectVMInstallationsJob.disabled=true -Dfile.encoding=utf8 -XX:+UseParallelGC -XX:GCTimeRatio=4 -XX:AdaptiveSizePolicyWeight=90 -Dsun.zip.disableMemoryMapping=true -Xmx2G -Xms100m -Xlog:disable -javaagent:c:\Users\Valdes-Hack\.vscode\extensions\redhat.java-1.54.0-win32-x64\lombok\lombok-1.18.39-4050.jar -XX:+HeapDumpOnOutOfMemoryError -XX:HeapDumpPath=c:\Users\Valdes-Hack\AppData\Roaming\Code\User\workspaceStorage\c0384874cfa9d64ca0dd72ffd18dd926\redhat.java -Daether.dependencyCollector.impl=bf c:\Users\Valdes-Hack\.vscode\extensions\redhat.java-1.54.0-win32-x64\server\plugins\org.eclipse.equinox.launcher_1.7.100.v20251111-0406.jar -configuration c:\Users\Valdes-Hack\AppData\Roaming\Code\User\globalStorage\redhat.java\1.54.0\config_win -data c:\Users\Valdes-Hack\AppData\Roaming\Code\User\workspaceStorage\c0384874cfa9d64ca0dd72ffd18dd926\redhat.java\jdt_ws --pipe=\\.\pipe\lsp-ca4e3d217d3b96cd798f805818779d1f-sock

Host: Intel(R) Core(TM) i7-7820HQ CPU @ 2.90GHz, 8 cores, 15G,  Windows 11 , 64 bit Build 26100 (10.0.26100.8328)
Time: Sat May 16 12:21:21 2026 W. Central Africa Standard Time elapsed time: 46.694397 seconds (0d 0h 0m 46s)

---------------  T H R E A D  ---------------

Current thread (0x000002456023be80):  JavaThread "C2 CompilerThread1" daemon [_thread_in_native, id=27232, stack(0x000000556e400000,0x000000556e500000) (1024K)]


Current CompileTask:
C2:46694 13046       4       java.lang.reflect.Field::get (39 bytes)

Stack: [0x000000556e400000,0x000000556e500000]
Native frames: (J=compiled Java code, j=interpreted, Vv=VM code, C=native code)
V  [jvm.dll+0x6d7a39]
V  [jvm.dll+0x8b4b26]
V  [jvm.dll+0x8b70de]
V  [jvm.dll+0x8b77c3]
V  [jvm.dll+0x284346]
V  [jvm.dll+0xc66ed]
V  [jvm.dll+0xc6c31]
V  [jvm.dll+0x3bec3b]
V  [jvm.dll+0x1e3f69]
V  [jvm.dll+0x24c6b3]
V  [jvm.dll+0x24bb40]
V  [jvm.dll+0x1cb34e]
V  [jvm.dll+0x25b85d]
V  [jvm.dll+0x259dea]
V  [jvm.dll+0x3f857e]
V  [jvm.dll+0x85f59d]
V  [jvm.dll+0x6d626d]
C  [ucrtbase.dll+0x37b0]
C  [KERNEL32.DLL+0x2e957]
C  [ntdll.dll+0x427c]


---------------  P R O C E S S  ---------------

Threads class SMR info:
_java_thread_list=0x0000024554ed9260, length=68, elements={
0x00000245720518c0, 0x000002457b6dd7d0, 0x000002457b6e1d30, 0x000002457b6f0040,
0x000002457b6f0aa0, 0x000002457b6f49d0, 0x000002457b6f9c90, 0x000002457b704d60,
0x000002457b7153b0, 0x000002457d2c9d90, 0x000002457d3b21e0, 0x000002457daf7460,
0x000002457d9e1760, 0x000002457e04fc80, 0x000002457e0506c0, 0x000002457e0363d0,
0x000002457e1de050, 0x000002457df4f570, 0x000002457d64c9d0, 0x000002457d64d060,
0x000002457d64eaa0, 0x000002457d64f130, 0x000002457d64d6f0, 0x000002457d64f7c0,
0x000002457d64e410, 0x0000024556c5a740, 0x0000024556c59390, 0x0000024556c5add0,
0x0000024556c5b460, 0x0000024556c58d00, 0x0000024556c59a20, 0x0000024556c57fe0,
0x0000024556c5a0b0, 0x0000024556c5baf0, 0x0000024556c58670, 0x0000024556c5e8e0,
0x0000024556c5f600, 0x0000024556c5dbc0, 0x0000024556c5cea0, 0x0000024556c5e250,
0x0000024556c5c810, 0x000002455443d5f0, 0x000002455443dc80, 0x000002455443e310,
0x000002455443cf60, 0x000002455443f030, 0x000002455443bbb0, 0x000002455443f6c0,
0x000002455443c240, 0x000002455443fd50, 0x000002455443c8d0, 0x00000245544424b0,
0x0000024556326b50, 0x00000245563264c0, 0x00000245563243f0, 0x00000245563236d0,
0x0000024556325e30, 0x0000024556327f00, 0x0000024556325110, 0x00000245563271e0,
0x0000024556328590, 0x000002455fa11540, 0x000002455fa10eb0, 0x000002455fa0ede0,
0x000002455fa0e0c0, 0x000002456023be80, 0x000002456023a340, 0x000002455fa0e750
}

Java Threads: ( => current thread )
  0x00000245720518c0 JavaThread "main"                              [_thread_blocked, id=9172, stack(0x0000005569700000,0x0000005569800000) (1024K)]
  0x000002457b6dd7d0 JavaThread "Reference Handler"          daemon [_thread_blocked, id=30976, stack(0x0000005569b00000,0x0000005569c00000) (1024K)]
  0x000002457b6e1d30 JavaThread "Finalizer"                  daemon [_thread_blocked, id=12168, stack(0x0000005569c00000,0x0000005569d00000) (1024K)]
  0x000002457b6f0040 JavaThread "Signal Dispatcher"          daemon [_thread_blocked, id=12136, stack(0x0000005569d00000,0x0000005569e00000) (1024K)]
  0x000002457b6f0aa0 JavaThread "Attach Listener"            daemon [_thread_blocked, id=12164, stack(0x0000005569e00000,0x0000005569f00000) (1024K)]
  0x000002457b6f49d0 JavaThread "Service Thread"             daemon [_thread_blocked, id=9460, stack(0x0000005569f00000,0x000000556a000000) (1024K)]
  0x000002457b6f9c90 JavaThread "Monitor Deflation Thread"   daemon [_thread_blocked, id=12072, stack(0x000000556a000000,0x000000556a100000) (1024K)]
  0x000002457b704d60 JavaThread "C2 CompilerThread0"         daemon [_thread_in_native, id=12204, stack(0x000000556a100000,0x000000556a200000) (1024K)]
  0x000002457b7153b0 JavaThread "C1 CompilerThread0"         daemon [_thread_in_native, id=11792, stack(0x000000556a200000,0x000000556a300000) (1024K)]
  0x000002457d2c9d90 JavaThread "Common-Cleaner"             daemon [_thread_blocked, id=12068, stack(0x000000556a400000,0x000000556a500000) (1024K)]
  0x000002457d3b21e0 JavaThread "Notification Thread"        daemon [_thread_blocked, id=29484, stack(0x000000556a300000,0x000000556a400000) (1024K)]
  0x000002457daf7460 JavaThread "Active Thread: Equinox Container: c95b2954-af7a-4303-a40b-3083471b57c5"        [_thread_blocked, id=32924, stack(0x000000556a500000,0x000000556a600000) (1024K)]
  0x000002457d9e1760 JavaThread "Refresh Thread: Equinox Container: c95b2954-af7a-4303-a40b-3083471b57c5" daemon [_thread_blocked, id=36448, stack(0x000000556ae00000,0x000000556af00000) (1024K)]
  0x000002457e04fc80 JavaThread "Framework Event Dispatcher: Equinox Container: c95b2954-af7a-4303-a40b-3083471b57c5" daemon [_thread_blocked, id=11552, stack(0x000000556af00000,0x000000556b000000) (1024K)]
  0x000002457e0506c0 JavaThread "Start Level: Equinox Container: c95b2954-af7a-4303-a40b-3083471b57c5" daemon [_thread_blocked, id=14808, stack(0x000000556b000000,0x000000556b100000) (1024K)]
  0x000002457e0363d0 JavaThread "Bundle File Closer"         daemon [_thread_blocked, id=22036, stack(0x000000556b100000,0x000000556b200000) (1024K)]
  0x000002457e1de050 JavaThread "SCR Component Actor"        daemon [_thread_blocked, id=31356, stack(0x000000556a600000,0x000000556a700000) (1024K)]
  0x000002457df4f570 JavaThread "Worker-JM"                         [_thread_blocked, id=9636, stack(0x000000556b200000,0x000000556b300000) (1024K)]
  0x000002457d64c9d0 JavaThread "JNA Cleaner"                daemon [_thread_blocked, id=30224, stack(0x000000556b400000,0x000000556b500000) (1024K)]
  0x000002457d64d060 JavaThread "Worker-0: Initialize workspace"        [_thread_blocked, id=26200, stack(0x000000556b500000,0x000000556b600000) (1024K)]
  0x000002457d64eaa0 JavaThread "Worker-1"                          [_thread_blocked, id=12256, stack(0x000000556b600000,0x000000556b700000) (1024K)]
  0x000002457d64f130 JavaThread "Worker-2"                          [_thread_blocked, id=13044, stack(0x000000556b300000,0x000000556b400000) (1024K)]
  0x000002457d64d6f0 JavaThread "Java indexing"              daemon [_thread_blocked, id=6884, stack(0x000000556b900000,0x000000556ba00000) (1024K)]
  0x000002457d64f7c0 JavaThread "Worker-3: Building"                [_thread_in_Java, id=24680, stack(0x000000556ba00000,0x000000556bb00000) (1024K)]
  0x000002457d64e410 JavaThread "Worker-4: Publish Diagnostics"        [_thread_in_Java, id=34756, stack(0x000000556bb00000,0x000000556bc00000) (1024K)]
  0x0000024556c5a740 JavaThread "Worker-5"                          [_thread_blocked, id=25712, stack(0x000000556be00000,0x000000556bf00000) (1024K)]
  0x0000024556c59390 JavaThread "Thread-1"                   daemon [_thread_in_native, id=37740, stack(0x000000556bf00000,0x000000556c000000) (1024K)]
  0x0000024556c5add0 JavaThread "Thread-2"                   daemon [_thread_in_native, id=25816, stack(0x000000556c000000,0x000000556c100000) (1024K)]
  0x0000024556c5b460 JavaThread "Thread-3"                   daemon [_thread_in_native, id=27548, stack(0x000000556c100000,0x000000556c200000) (1024K)]
  0x0000024556c58d00 JavaThread "Thread-4"                   daemon [_thread_in_native, id=32736, stack(0x000000556c200000,0x000000556c300000) (1024K)]
  0x0000024556c59a20 JavaThread "Thread-5"                   daemon [_thread_in_native, id=36596, stack(0x000000556c300000,0x000000556c400000) (1024K)]
  0x0000024556c57fe0 JavaThread "Thread-6"                   daemon [_thread_in_native, id=37864, stack(0x000000556c400000,0x000000556c500000) (1024K)]
  0x0000024556c5a0b0 JavaThread "Thread-7"                   daemon [_thread_in_native, id=29868, stack(0x000000556c500000,0x000000556c600000) (1024K)]
  0x0000024556c5baf0 JavaThread "Thread-8"                   daemon [_thread_in_native, id=28444, stack(0x000000556c600000,0x000000556c700000) (1024K)]
  0x0000024556c58670 JavaThread "Thread-9"                   daemon [_thread_in_native, id=36484, stack(0x000000556c700000,0x000000556c800000) (1024K)]
  0x0000024556c5e8e0 JavaThread "pool-2-thread-1"                   [_thread_blocked, id=22540, stack(0x000000556c800000,0x000000556c900000) (1024K)]
  0x0000024556c5f600 JavaThread "WorkspaceEventsHandler"            [_thread_blocked, id=9372, stack(0x000000556c900000,0x000000556ca00000) (1024K)]
  0x0000024556c5dbc0 JavaThread "pool-1-thread-1"                   [_thread_blocked, id=11920, stack(0x000000556ca00000,0x000000556cb00000) (1024K)]
  0x0000024556c5cea0 JavaThread "Compiler Source File Reader" daemon [_thread_blocked, id=12208, stack(0x000000556b800000,0x000000556b900000) (1024K)]
  0x0000024556c5e250 JavaThread "Compiler Source File Reader" daemon [_thread_blocked, id=12132, stack(0x000000556cb00000,0x000000556cc00000) (1024K)]
  0x0000024556c5c810 JavaThread "Compiler Source File Reader" daemon [_thread_blocked, id=4748, stack(0x000000556cc00000,0x000000556cd00000) (1024K)]
  0x000002455443d5f0 JavaThread "Compiler Source File Reader" daemon [_thread_blocked, id=6120, stack(0x000000556cd00000,0x000000556ce00000) (1024K)]
  0x000002455443dc80 JavaThread "Compiler Source File Reader" daemon [_thread_blocked, id=35780, stack(0x000000556ce00000,0x000000556cf00000) (1024K)]
  0x000002455443e310 JavaThread "Compiler Source File Reader" daemon [_thread_blocked, id=26104, stack(0x000000556cf00000,0x000000556d000000) (1024K)]
  0x000002455443cf60 JavaThread "LocalFile Deleter"          daemon [_thread_blocked, id=31088, stack(0x000000556d100000,0x000000556d200000) (1024K)]
  0x000002455443f030 JavaThread "LocalFile Deleter"          daemon [_thread_blocked, id=29364, stack(0x000000556d200000,0x000000556d300000) (1024K)]
  0x000002455443bbb0 JavaThread "LocalFile Deleter"          daemon [_thread_blocked, id=25668, stack(0x000000556d300000,0x000000556d400000) (1024K)]
  0x000002455443f6c0 JavaThread "LocalFile Deleter"          daemon [_thread_blocked, id=34324, stack(0x000000556d400000,0x000000556d500000) (1024K)]
  0x000002455443c240 JavaThread "LocalFile Deleter"          daemon [_thread_blocked, id=9176, stack(0x000000556d500000,0x000000556d600000) (1024K)]
  0x000002455443fd50 JavaThread "LocalFile Deleter"          daemon [_thread_blocked, id=33772, stack(0x000000556d600000,0x000000556d700000) (1024K)]
  0x000002455443c8d0 JavaThread "LocalFile Deleter"          daemon [_thread_blocked, id=37180, stack(0x000000556d700000,0x000000556d800000) (1024K)]
  0x00000245544424b0 JavaThread "LocalFile Deleter"          daemon [_thread_blocked, id=32308, stack(0x000000556d800000,0x000000556d900000) (1024K)]
  0x0000024556326b50 JavaThread "ForkJoinPool.commonPool-worker-1" daemon [_thread_blocked, id=36400, stack(0x000000556d900000,0x000000556da00000) (1024K)]
  0x00000245563264c0 JavaThread "Compiler Processing Task"   daemon [_thread_blocked, id=28356, stack(0x000000556da00000,0x000000556db00000) (1024K)]
  0x00000245563243f0 JavaThread "Compiler Class File Writer" daemon [_thread_blocked, id=1892, stack(0x000000556db00000,0x000000556dc00000) (1024K)]
  0x00000245563236d0 JavaThread "Compiler Class File Writer" daemon [_thread_blocked, id=11176, stack(0x000000556dc00000,0x000000556dd00000) (1024K)]
  0x0000024556325e30 JavaThread "Compiler Class File Writer" daemon [_thread_blocked, id=37840, stack(0x000000556dd00000,0x000000556de00000) (1024K)]
  0x0000024556327f00 JavaThread "Compiler Class File Writer" daemon [_thread_blocked, id=34388, stack(0x000000556de00000,0x000000556df00000) (1024K)]
  0x0000024556325110 JavaThread "Compiler Class File Writer" daemon [_thread_blocked, id=1596, stack(0x000000556df00000,0x000000556e000000) (1024K)]
  0x00000245563271e0 JavaThread "Compiler Class File Writer" daemon [_thread_blocked, id=34884, stack(0x000000556e000000,0x000000556e100000) (1024K)]
  0x0000024556328590 JavaThread "ForkJoinPool.commonPool-worker-2" daemon [_thread_blocked, id=27688, stack(0x000000556b700000,0x000000556b800000) (1024K)]
  0x000002455fa11540 JavaThread "ForkJoinPool.commonPool-worker-3" daemon [_thread_in_native, id=1972, stack(0x000000556d000000,0x000000556d100000) (1024K)]
  0x000002455fa10eb0 JavaThread "ForkJoinPool.commonPool-worker-4" daemon [_thread_blocked, id=12484, stack(0x000000556e100000,0x000000556e200000) (1024K)]
  0x000002455fa0ede0 JavaThread "ForkJoinPool.commonPool-worker-5" daemon [_thread_in_Java, id=33520, stack(0x000000556e200000,0x000000556e300000) (1024K)]
  0x000002455fa0e0c0 JavaThread "ForkJoinPool.commonPool-worker-6" daemon [_thread_blocked, id=25640, stack(0x000000556e300000,0x000000556e400000) (1024K)]
=>0x000002456023be80 JavaThread "C2 CompilerThread1"         daemon [_thread_in_native, id=27232, stack(0x000000556e400000,0x000000556e500000) (1024K)]
  0x000002456023a340 JavaThread "C2 CompilerThread2"         daemon [_thread_in_native, id=4976, stack(0x000000556e500000,0x000000556e600000) (1024K)]
  0x000002455fa0e750 JavaThread "ForkJoinPool.commonPool-worker-7" daemon [_thread_blocked, id=35476, stack(0x000000556e600000,0x000000556e700000) (1024K)]
Total: 68

Other Threads:
  0x000002457b6c24b0 VMThread "VM Thread"                           [id=35380, stack(0x0000005569a00000,0x0000005569b00000) (1024K)]
  0x000002457b5fca00 WatcherThread "VM Periodic Task Thread"        [id=4104, stack(0x0000005569900000,0x0000005569a00000) (1024K)]
  0x000002457206fc80 WorkerThread "GC Thread#0"                     [id=30972, stack(0x0000005569800000,0x0000005569900000) (1024K)]
  0x000002457d9f9500 WorkerThread "GC Thread#1"                     [id=30836, stack(0x000000556a700000,0x000000556a800000) (1024K)]
  0x000002457d9f98b0 WorkerThread "GC Thread#2"                     [id=11912, stack(0x000000556a800000,0x000000556a900000) (1024K)]
  0x000002457d994e20 WorkerThread "GC Thread#3"                     [id=24988, stack(0x000000556a900000,0x000000556aa00000) (1024K)]
  0x000002457d9951d0 WorkerThread "GC Thread#4"                     [id=34508, stack(0x000000556aa00000,0x000000556ab00000) (1024K)]
  0x000002457de20080 WorkerThread "GC Thread#5"                     [id=29360, stack(0x000000556ab00000,0x000000556ac00000) (1024K)]
  0x000002457de20430 WorkerThread "GC Thread#6"                     [id=33460, stack(0x000000556ac00000,0x000000556ad00000) (1024K)]
  0x000002457d9f3680 WorkerThread "GC Thread#7"                     [id=36988, stack(0x000000556ad00000,0x000000556ae00000) (1024K)]
Total: 10

Threads with active compile tasks:
C2 CompilerThread0  46743 13345 % !   4       org.eclipse.jdt.internal.compiler.parser.Scanner::jumpOverMethodBody @ 12 (2550 bytes)
C1 CompilerThread0  46743 13460       3       org.eclipse.jdt.internal.compiler.lookup.BinaryTypeBinding::createMethod (1666 bytes)
C2 CompilerThread1  46743 13046       4       java.lang.reflect.Field::get (39 bytes)
C2 CompilerThread2  46743 13418  s    4       org.eclipse.jdt.internal.core.JavaModelManager::getInfo (39 bytes)
Total: 4

VM state: not at safepoint (normal execution)

VM Mutex/Monitor currently owned by a thread:  ([mutex/lock_event])
[0x00007ffcb293e5e0] Compile_lock - owner thread: 0x0000000000000000

Heap address: 0x0000000080000000, size: 2048 MB, Compressed Oops mode: 32-bit

CDS archive(s) mapped at: [0x000002450f000000-0x000002450fba0000-0x000002450fba0000), size 12189696, SharedBaseAddress: 0x000002450f000000, ArchiveRelocationMode: 1.
Compressed class space mapped at: 0x0000024510000000-0x0000024550000000, reserved size: 1073741824
Narrow klass base: 0x000002450f000000, Narrow klass shift: 0, Narrow klass range: 0x100000000

GC Precious Log:
 CardTable entry size: 512
 CPUs: 8 total, 8 available
 Memory: 16259M
 Large Page Support: Disabled
 NUMA Support: Disabled
 Compressed Oops: Enabled (32-bit)
 Alignments: Space 512K, Generation 512K, Heap 2M
 Heap Min Capacity: 100M
 Heap Initial Capacity: 100M
 Heap Max Capacity: 2G
 Pre-touch: Disabled
 Parallel Workers: 8

Heap:
 PSYoungGen      total 7680K, used 5395K [0x00000000d5580000, 0x00000000d5e00000, 0x0000000100000000)
  eden space 6656K, 66% used [0x00000000d5580000,0x00000000d59d6940,0x00000000d5c00000)
  from space 1024K, 94% used [0x00000000d5c00000,0x00000000d5cf1210,0x00000000d5d00000)
  to   space 1024K, 0% used [0x00000000d5d00000,0x00000000d5d00000,0x00000000d5e00000)
 ParOldGen       total 97792K, used 97330K [0x0000000080000000, 0x0000000085f80000, 0x00000000d5580000)
  object space 97792K, 99% used [0x0000000080000000,0x0000000085f0cab8,0x0000000085f80000)
 Metaspace       used 67633K, committed 69248K, reserved 1114112K
  class space    used 6938K, committed 7616K, reserved 1048576K

Card table byte_map: [0x0000024576a60000,0x0000024576e70000] _byte_map_base: 0x0000024576660000

Marking Bits: (ParMarkBitMap*) 0x00007ffcb2943450
 Begin Bits: [0x0000024577120000, 0x0000024579120000)
 End Bits:   [0x0000024579120000, 0x000002457b120000)

Polling page: 0x0000024572110000

Metaspace:

Usage:
  Non-class:     59.27 MB used.
      Class:      6.78 MB used.
       Both:     66.05 MB used.

Virtual space:
  Non-class space:       64.00 MB reserved,      60.19 MB ( 94%) committed,  1 nodes.
      Class space:        1.00 GB reserved,       7.44 MB ( <1%) committed,  1 nodes.
             Both:        1.06 GB reserved,      67.62 MB (  6%) committed. 

Chunk freelists:
   Non-Class:  3.84 MB
       Class:  8.54 MB
        Both:  12.38 MB

MaxMetaspaceSize: unlimited
CompressedClassSpaceSize: 1.00 GB
Initial GC threshold: 21.00 MB
Current GC threshold: 97.31 MB
CDS: on
 - commit_granule_bytes: 65536.
 - commit_granule_words: 8192.
 - virtual_space_node_default_size: 8388608.
 - enlarge_chunks_in_place: 1.
 - use_allocation_guard: 0.


Internal statistics:

num_allocs_failed_limit: 11.
num_arena_births: 1336.
num_arena_deaths: 18.
num_vsnodes_births: 2.
num_vsnodes_deaths: 0.
num_space_committed: 1082.
num_space_uncommitted: 0.
num_chunks_returned_to_freelist: 31.
num_chunks_taken_from_freelist: 4813.
num_chunk_merges: 13.
num_chunk_splits: 2808.
num_chunks_enlarged: 1372.
num_inconsistent_stats: 0.

CodeHeap 'non-profiled nmethods': size=120000Kb used=9409Kb max_used=9409Kb free=110590Kb
 bounds [0x0000024507ad0000, 0x0000024508410000, 0x000002450f000000]
CodeHeap 'profiled nmethods': size=120000Kb used=30443Kb max_used=30443Kb free=89556Kb
 bounds [0x0000024500000000, 0x0000024501dc0000, 0x0000024507530000]
CodeHeap 'non-nmethods': size=5760Kb used=1447Kb max_used=1557Kb free=4312Kb
 bounds [0x0000024507530000, 0x00000245077a0000, 0x0000024507ad0000]
CodeCache: size=245760Kb, used=41299Kb, max_used=41409Kb, free=204458Kb
 total_blobs=13244, nmethods=12481, adapters=667, full_count=0
Compilation: enabled, stopped_count=0, restarted_count=0

Compilation events (20 events):
Event: 46.523 Thread 0x000002457b7153b0 nmethod 13395 0x00000245083fab90 code [0x00000245083fad20, 0x00000245083fade8]
Event: 46.523 Thread 0x000002457b7153b0 13396       1       org.eclipse.lsp4j.jsonrpc.messages.Either::getLeft (5 bytes)
Event: 46.524 Thread 0x000002457b7153b0 nmethod 13396 0x00000245083fae90 code [0x00000245083fb020, 0x00000245083fb0e8]
Event: 46.524 Thread 0x000002457b7153b0 13397       1       org.eclipse.aether.repository.LocalArtifactResult::isAvailable (5 bytes)
Event: 46.524 Thread 0x000002457b7153b0 nmethod 13397 0x00000245083fb190 code [0x00000245083fb320, 0x00000245083fb3f0]
Event: 46.528 Thread 0x000002457b7153b0 13398       1       org.apache.maven.model.PluginContainer::setPlugins (6 bytes)
Event: 46.528 Thread 0x000002457b7153b0 nmethod 13398 0x00000245083fb490 code [0x00000245083fb620, 0x00000245083fb700]
Event: 46.529 Thread 0x000002457b7153b0 13399       3       org.eclipse.aether.internal.impl.DefaultRepositorySystem::invalidSession (32 bytes)
Event: 46.530 Thread 0x000002457b7153b0 nmethod 13399 0x0000024501d94390 code [0x0000024501d945e0, 0x0000024501d94cc0]
Event: 46.530 Thread 0x000002457b7153b0 13402       3       java.net.URI::decode (6 bytes)
Event: 46.530 Thread 0x000002457b7153b0 nmethod 13402 0x0000024501d94f90 code [0x0000024501d95140, 0x0000024501d95260]
Event: 46.530 Thread 0x000002457b7153b0 13400       3       java.lang.reflect.Constructor::setAccessible (21 bytes)
Event: 46.530 Thread 0x000002457b7153b0 nmethod 13400 0x0000024501d95310 code [0x0000024501d95520, 0x0000024501d95b00]
Event: 46.530 Thread 0x000002457b7153b0 13401       3       java.lang.reflect.Constructor::checkCanSetAccessible (29 bytes)
Event: 46.531 Thread 0x000002457b7153b0 nmethod 13401 0x0000024501d95d10 code [0x0000024501d95ee0, 0x0000024501d961b8]
Event: 46.532 Thread 0x000002457b7153b0 13403       1       org.apache.maven.model.Build::getOutputDirectory (5 bytes)
Event: 46.532 Thread 0x000002457b7153b0 nmethod 13403 0x00000245083fb790 code [0x00000245083fb920, 0x00000245083fb9e8]
Event: 46.537 Thread 0x000002457b7153b0 13404       1       org.apache.maven.model.Reporting::getOutputDirectory (5 bytes)
Event: 46.537 Thread 0x000002457b7153b0 nmethod 13404 0x00000245083fba90 code [0x00000245083fbc20, 0x00000245083fbce8]
Event: 46.537 Thread 0x000002457b7153b0 13406       1       org.apache.maven.model.Build::getSourceDirectory (5 bytes)

GC Heap History (20 events):
Event: 45.106 GC heap before
{Heap before GC invocations=110 (full 3):
 PSYoungGen      total 7168K, used 7164K [0x00000000d5580000, 0x00000000d5e00000, 0x0000000100000000)
  eden space 6656K, 99% used [0x00000000d5580000,0x00000000d5bff0f0,0x00000000d5c00000)
  from space 512K, 100% used [0x00000000d5d80000,0x00000000d5e00000,0x00000000d5e00000)
  to   space 1024K, 0% used [0x00000000d5c00000,0x00000000d5c00000,0x00000000d5d00000)
 ParOldGen       total 92160K, used 91749K [0x0000000080000000, 0x0000000085a00000, 0x00000000d5580000)
  object space 92160K, 99% used [0x0000000080000000,0x00000000859995c0,0x0000000085a00000)
 Metaspace       used 63041K, committed 64512K, reserved 1114112K
  class space    used 6461K, committed 7104K, reserved 1048576K
}
Event: 45.108 GC heap after
{Heap after GC invocations=110 (full 3):
 PSYoungGen      total 7680K, used 508K [0x00000000d5580000, 0x00000000d5e00000, 0x0000000100000000)
  eden space 6656K, 0% used [0x00000000d5580000,0x00000000d5580000,0x00000000d5c00000)
  from space 1024K, 49% used [0x00000000d5c00000,0x00000000d5c7f3a0,0x00000000d5d00000)
  to   space 1024K, 0% used [0x00000000d5d00000,0x00000000d5d00000,0x00000000d5e00000)
 ParOldGen       total 92672K, used 92265K [0x0000000080000000, 0x0000000085a80000, 0x00000000d5580000)
  object space 92672K, 99% used [0x0000000080000000,0x0000000085a1a5d0,0x0000000085a80000)
 Metaspace       used 63041K, committed 64512K, reserved 1114112K
  class space    used 6461K, committed 7104K, reserved 1048576K
}
Event: 45.193 GC heap before
{Heap before GC invocations=111 (full 3):
 PSYoungGen      total 7680K, used 7164K [0x00000000d5580000, 0x00000000d5e00000, 0x0000000100000000)
  eden space 6656K, 99% used [0x00000000d5580000,0x00000000d5bfffe0,0x00000000d5c00000)
  from space 1024K, 49% used [0x00000000d5c00000,0x00000000d5c7f3a0,0x00000000d5d00000)
  to   space 1024K, 0% used [0x00000000d5d00000,0x00000000d5d00000,0x00000000d5e00000)
 ParOldGen       total 92672K, used 92265K [0x0000000080000000, 0x0000000085a80000, 0x00000000d5580000)
  object space 92672K, 99% used [0x0000000080000000,0x0000000085a1a5d0,0x0000000085a80000)
 Metaspace       used 63444K, committed 64896K, reserved 1114112K
  class space    used 6512K, committed 7104K, reserved 1048576K
}
Event: 45.195 GC heap after
{Heap after GC invocations=111 (full 3):
 PSYoungGen      total 7680K, used 795K [0x00000000d5580000, 0x00000000d5e00000, 0x0000000100000000)
  eden space 6656K, 0% used [0x00000000d5580000,0x00000000d5580000,0x00000000d5c00000)
  from space 1024K, 77% used [0x00000000d5d00000,0x00000000d5dc6fa0,0x00000000d5e00000)
  to   space 1024K, 0% used [0x00000000d5c00000,0x00000000d5c00000,0x00000000d5d00000)
 ParOldGen       total 92672K, used 92527K [0x0000000080000000, 0x0000000085a80000, 0x00000000d5580000)
  object space 92672K, 99% used [0x0000000080000000,0x0000000085a5bc00,0x0000000085a80000)
 Metaspace       used 63444K, committed 64896K, reserved 1114112K
  class space    used 6512K, committed 7104K, reserved 1048576K
}
Event: 45.307 GC heap before
{Heap before GC invocations=112 (full 3):
 PSYoungGen      total 7680K, used 7446K [0x00000000d5580000, 0x00000000d5e00000, 0x0000000100000000)
  eden space 6656K, 99% used [0x00000000d5580000,0x00000000d5bfe980,0x00000000d5c00000)
  from space 1024K, 77% used [0x00000000d5d00000,0x00000000d5dc6fa0,0x00000000d5e00000)
  to   space 1024K, 0% used [0x00000000d5c00000,0x00000000d5c00000,0x00000000d5d00000)
 ParOldGen       total 92672K, used 92527K [0x0000000080000000, 0x0000000085a80000, 0x00000000d5580000)
  object space 92672K, 99% used [0x0000000080000000,0x0000000085a5bc00,0x0000000085a80000)
 Metaspace       used 63910K, committed 65408K, reserved 1114112K
  class space    used 6591K, committed 7232K, reserved 1048576K
}
Event: 45.310 GC heap after
{Heap after GC invocations=112 (full 3):
 PSYoungGen      total 7680K, used 768K [0x00000000d5580000, 0x00000000d5e00000, 0x0000000100000000)
  eden space 6656K, 0% used [0x00000000d5580000,0x00000000d5580000,0x00000000d5c00000)
  from space 1024K, 75% used [0x00000000d5c00000,0x00000000d5cc00e0,0x00000000d5d00000)
  to   space 1024K, 0% used [0x00000000d5d00000,0x00000000d5d00000,0x00000000d5e00000)
 ParOldGen       total 93184K, used 92946K [0x0000000080000000, 0x0000000085b00000, 0x00000000d5580000)
  object space 93184K, 99% used [0x0000000080000000,0x0000000085ac49d8,0x0000000085b00000)
 Metaspace       used 63910K, committed 65408K, reserved 1114112K
  class space    used 6591K, committed 7232K, reserved 1048576K
}
Event: 45.431 GC heap before
{Heap before GC invocations=113 (full 3):
 PSYoungGen      total 7680K, used 7424K [0x00000000d5580000, 0x00000000d5e00000, 0x0000000100000000)
  eden space 6656K, 100% used [0x00000000d5580000,0x00000000d5c00000,0x00000000d5c00000)
  from space 1024K, 75% used [0x00000000d5c00000,0x00000000d5cc00e0,0x00000000d5d00000)
  to   space 1024K, 0% used [0x00000000d5d00000,0x00000000d5d00000,0x00000000d5e00000)
 ParOldGen       total 93184K, used 92946K [0x0000000080000000, 0x0000000085b00000, 0x00000000d5580000)
  object space 93184K, 99% used [0x0000000080000000,0x0000000085ac49d8,0x0000000085b00000)
 Metaspace       used 64538K, committed 65984K, reserved 1114112K
  class space    used 6641K, committed 7232K, reserved 1048576K
}
Event: 45.433 GC heap after
{Heap after GC invocations=113 (full 3):
 PSYoungGen      total 7680K, used 736K [0x00000000d5580000, 0x00000000d5e00000, 0x0000000100000000)
  eden space 6656K, 0% used [0x00000000d5580000,0x00000000d5580000,0x00000000d5c00000)
  from space 1024K, 71% used [0x00000000d5d00000,0x00000000d5db8000,0x00000000d5e00000)
  to   space 1024K, 0% used [0x00000000d5c00000,0x00000000d5c00000,0x00000000d5d00000)
 ParOldGen       total 93696K, used 93618K [0x0000000080000000, 0x0000000085b80000, 0x00000000d5580000)
  object space 93696K, 99% used [0x0000000080000000,0x0000000085b6cab8,0x0000000085b80000)
 Metaspace       used 64538K, committed 65984K, reserved 1114112K
  class space    used 6641K, committed 7232K, reserved 1048576K
}
Event: 45.524 GC heap before
{Heap before GC invocations=114 (full 3):
 PSYoungGen      total 7680K, used 7392K [0x00000000d5580000, 0x00000000d5e00000, 0x0000000100000000)
  eden space 6656K, 100% used [0x00000000d5580000,0x00000000d5c00000,0x00000000d5c00000)
  from space 1024K, 71% used [0x00000000d5d00000,0x00000000d5db8000,0x00000000d5e00000)
  to   space 1024K, 0% used [0x00000000d5c00000,0x00000000d5c00000,0x00000000d5d00000)
 ParOldGen       total 93696K, used 93618K [0x0000000080000000, 0x0000000085b80000, 0x00000000d5580000)
  object space 93696K, 99% used [0x0000000080000000,0x0000000085b6cab8,0x0000000085b80000)
 Metaspace       used 65003K, committed 66496K, reserved 1114112K
  class space    used 6707K, committed 7360K, reserved 1048576K
}
Event: 45.527 GC heap after
{Heap after GC invocations=114 (full 3):
 PSYoungGen      total 7680K, used 736K [0x00000000d5580000, 0x00000000d5e00000, 0x0000000100000000)
  eden space 6656K, 0% used [0x00000000d5580000,0x00000000d5580000,0x00000000d5c00000)
  from space 1024K, 71% used [0x00000000d5c00000,0x00000000d5cb8000,0x00000000d5d00000)
  to   space 1024K, 0% used [0x00000000d5d00000,0x00000000d5d00000,0x00000000d5e00000)
 ParOldGen       total 94208K, used 93985K [0x0000000080000000, 0x0000000085c00000, 0x00000000d5580000)
  object space 94208K, 99% used [0x0000000080000000,0x0000000085bc84d8,0x0000000085c00000)
 Metaspace       used 65003K, committed 66496K, reserved 1114112K
  class space    used 6707K, committed 7360K, reserved 1048576K
}
Event: 45.708 GC heap before
{Heap before GC invocations=115 (full 3):
 PSYoungGen      total 7680K, used 7392K [0x00000000d5580000, 0x00000000d5e00000, 0x0000000100000000)
  eden space 6656K, 100% used [0x00000000d5580000,0x00000000d5c00000,0x00000000d5c00000)
  from space 1024K, 71% used [0x00000000d5c00000,0x00000000d5cb8000,0x00000000d5d00000)
  to   space 1024K, 0% used [0x00000000d5d00000,0x00000000d5d00000,0x00000000d5e00000)
 ParOldGen       total 94208K, used 93985K [0x0000000080000000, 0x0000000085c00000, 0x00000000d5580000)
  object space 94208K, 99% used [0x0000000080000000,0x0000000085bc84d8,0x0000000085c00000)
 Metaspace       used 65485K, committed 66944K, reserved 1114112K
  class space    used 6750K, committed 7360K, reserved 1048576K
}
Event: 45.712 GC heap after
{Heap after GC invocations=115 (full 3):
 PSYoungGen      total 7680K, used 499K [0x00000000d5580000, 0x00000000d5e00000, 0x0000000100000000)
  eden space 6656K, 0% used [0x00000000d5580000,0x00000000d5580000,0x00000000d5c00000)
  from space 1024K, 48% used [0x00000000d5d00000,0x00000000d5d7cf00,0x00000000d5e00000)
  to   space 1024K, 0% used [0x00000000d5c00000,0x00000000d5c00000,0x00000000d5d00000)
 ParOldGen       total 94720K, used 94625K [0x0000000080000000, 0x0000000085c80000, 0x00000000d5580000)
  object space 94720K, 99% used [0x0000000080000000,0x0000000085c68688,0x0000000085c80000)
 Metaspace       used 65485K, committed 66944K, reserved 1114112K
  class space    used 6750K, committed 7360K, reserved 1048576K
}
Event: 46.021 GC heap before
{Heap before GC invocations=116 (full 3):
 PSYoungGen      total 7680K, used 7155K [0x00000000d5580000, 0x00000000d5e00000, 0x0000000100000000)
  eden space 6656K, 100% used [0x00000000d5580000,0x00000000d5c00000,0x00000000d5c00000)
  from space 1024K, 48% used [0x00000000d5d00000,0x00000000d5d7cf00,0x00000000d5e00000)
  to   space 1024K, 0% used [0x00000000d5c00000,0x00000000d5c00000,0x00000000d5d00000)
 ParOldGen       total 94720K, used 94625K [0x0000000080000000, 0x0000000085c80000, 0x00000000d5580000)
  object space 94720K, 99% used [0x0000000080000000,0x0000000085c68688,0x0000000085c80000)
 Metaspace       used 66148K, committed 67648K, reserved 1114112K
  class space    used 6816K, committed 7424K, reserved 1048576K
}
Event: 46.023 GC heap after
{Heap after GC invocations=116 (full 3):
 PSYoungGen      total 7680K, used 936K [0x00000000d5580000, 0x00000000d5e00000, 0x0000000100000000)
  eden space 6656K, 0% used [0x00000000d5580000,0x00000000d5580000,0x00000000d5c00000)
  from space 1024K, 91% used [0x00000000d5c00000,0x00000000d5cea010,0x00000000d5d00000)
  to   space 1024K, 0% used [0x00000000d5d00000,0x00000000d5d00000,0x00000000d5e00000)
 ParOldGen       total 95232K, used 94926K [0x0000000080000000, 0x0000000085d00000, 0x00000000d5580000)
  object space 95232K, 99% used [0x0000000080000000,0x0000000085cb3a40,0x0000000085d00000)
 Metaspace       used 66148K, committed 67648K, reserved 1114112K
  class space    used 6816K, committed 7424K, reserved 1048576K
}
Event: 46.112 GC heap before
{Heap before GC invocations=117 (full 3):
 PSYoungGen      total 7680K, used 7592K [0x00000000d5580000, 0x00000000d5e00000, 0x0000000100000000)
  eden space 6656K, 100% used [0x00000000d5580000,0x00000000d5c00000,0x00000000d5c00000)
  from space 1024K, 91% used [0x00000000d5c00000,0x00000000d5cea010,0x00000000d5d00000)
  to   space 1024K, 0% used [0x00000000d5d00000,0x00000000d5d00000,0x00000000d5e00000)
 ParOldGen       total 95232K, used 94926K [0x0000000080000000, 0x0000000085d00000, 0x00000000d5580000)
  object space 95232K, 99% used [0x0000000080000000,0x0000000085cb3a40,0x0000000085d00000)
 Metaspace       used 66721K, committed 68288K, reserved 1114112K
  class space    used 6869K, committed 7488K, reserved 1048576K
}
Event: 46.114 GC heap after
{Heap after GC invocations=117 (full 3):
 PSYoungGen      total 7680K, used 540K [0x00000000d5580000, 0x00000000d5e00000, 0x0000000100000000)
  eden space 6656K, 0% used [0x00000000d5580000,0x00000000d5580000,0x00000000d5c00000)
  from space 1024K, 52% used [0x00000000d5d00000,0x00000000d5d87330,0x00000000d5e00000)
  to   space 1024K, 0% used [0x00000000d5c00000,0x00000000d5c00000,0x00000000d5d00000)
 ParOldGen       total 95744K, used 95437K [0x0000000080000000, 0x0000000085d80000, 0x00000000d5580000)
  object space 95744K, 99% used [0x0000000080000000,0x0000000085d335a8,0x0000000085d80000)
 Metaspace       used 66721K, committed 68288K, reserved 1114112K
  class space    used 6869K, committed 7488K, reserved 1048576K
}
Event: 46.235 GC heap before
{Heap before GC invocations=118 (full 3):
 PSYoungGen      total 7680K, used 7174K [0x00000000d5580000, 0x00000000d5e00000, 0x0000000100000000)
  eden space 6656K, 99% used [0x00000000d5580000,0x00000000d5bfa4d0,0x00000000d5c00000)
  from space 1024K, 52% used [0x00000000d5d00000,0x00000000d5d87330,0x00000000d5e00000)
  to   space 1024K, 0% used [0x00000000d5c00000,0x00000000d5c00000,0x00000000d5d00000)
 ParOldGen       total 95744K, used 95437K [0x0000000080000000, 0x0000000085d80000, 0x00000000d5580000)
  object space 95744K, 99% used [0x0000000080000000,0x0000000085d335a8,0x0000000085d80000)
 Metaspace       used 67275K, committed 68864K, reserved 1114112K
  class space    used 6904K, committed 7552K, reserved 1048576K
}
Event: 46.237 GC heap after
{Heap after GC invocations=118 (full 3):
 PSYoungGen      total 7680K, used 1012K [0x00000000d5580000, 0x00000000d5f00000, 0x0000000100000000)
  eden space 6656K, 0% used [0x00000000d5580000,0x00000000d5580000,0x00000000d5c00000)
  from space 1024K, 98% used [0x00000000d5c00000,0x00000000d5cfd040,0x00000000d5d00000)
  to   space 1536K, 0% used [0x00000000d5d80000,0x00000000d5d80000,0x00000000d5f00000)
 ParOldGen       total 95744K, used 95741K [0x0000000080000000, 0x0000000085d80000, 0x00000000d5580000)
  object space 95744K, 99% used [0x0000000080000000,0x0000000085d7f5a8,0x0000000085d80000)
 Metaspace       used 67275K, committed 68864K, reserved 1114112K
  class space    used 6904K, committed 7552K, reserved 1048576K
}
Event: 46.361 GC heap before
{Heap before GC invocations=119 (full 3):
 PSYoungGen      total 7680K, used 7668K [0x00000000d5580000, 0x00000000d5f00000, 0x0000000100000000)
  eden space 6656K, 100% used [0x00000000d5580000,0x00000000d5c00000,0x00000000d5c00000)
  from space 1024K, 98% used [0x00000000d5c00000,0x00000000d5cfd040,0x00000000d5d00000)
  to   space 1536K, 0% used [0x00000000d5d80000,0x00000000d5d80000,0x00000000d5f00000)
 ParOldGen       total 95744K, used 95741K [0x0000000080000000, 0x0000000085d80000, 0x00000000d5580000)
  object space 95744K, 99% used [0x0000000080000000,0x0000000085d7f5a8,0x0000000085d80000)
 Metaspace       used 67424K, committed 68992K, reserved 1114112K
  class space    used 6912K, committed 7552K, reserved 1048576K
}
Event: 46.364 GC heap after
{Heap after GC invocations=119 (full 3):
 PSYoungGen      total 8192K, used 905K [0x00000000d5580000, 0x00000000d5f00000, 0x0000000100000000)
  eden space 6656K, 0% used [0x00000000d5580000,0x00000000d5580000,0x00000000d5c00000)
  from space 1536K, 58% used [0x00000000d5d80000,0x00000000d5e62400,0x00000000d5f00000)
  to   space 1536K, 0% used [0x00000000d5c00000,0x00000000d5c00000,0x00000000d5d80000)
 ParOldGen       total 96768K, used 96604K [0x0000000080000000, 0x0000000085e80000, 0x00000000d5580000)
  object space 96768K, 99% used [0x0000000080000000,0x0000000085e57090,0x0000000085e80000)
 Metaspace       used 67424K, committed 68992K, reserved 1114112K
  class space    used 6912K, committed 7552K, reserved 1048576K
}

Dll operation events (10 events):
Event: 0.044 Loaded shared library c:\Users\Valdes-Hack\.vscode\extensions\redhat.java-1.54.0-win32-x64\jre\21.0.10-win32-x86_64\bin\java.dll
Event: 0.284 Loaded shared library c:\Users\Valdes-Hack\.vscode\extensions\redhat.java-1.54.0-win32-x64\jre\21.0.10-win32-x86_64\bin\zip.dll
Event: 0.374 Loaded shared library C:\Users\Valdes-Hack\.vscode\extensions\redhat.java-1.54.0-win32-x64\jre\21.0.10-win32-x86_64\bin\instrument.dll
Event: 0.392 Loaded shared library C:\Users\Valdes-Hack\.vscode\extensions\redhat.java-1.54.0-win32-x64\jre\21.0.10-win32-x86_64\bin\net.dll
Event: 0.404 Loaded shared library C:\Users\Valdes-Hack\.vscode\extensions\redhat.java-1.54.0-win32-x64\jre\21.0.10-win32-x86_64\bin\nio.dll
Event: 0.433 Loaded shared library C:\Users\Valdes-Hack\.vscode\extensions\redhat.java-1.54.0-win32-x64\jre\21.0.10-win32-x86_64\bin\zip.dll
Event: 0.540 Loaded shared library C:\Users\Valdes-Hack\.vscode\extensions\redhat.java-1.54.0-win32-x64\jre\21.0.10-win32-x86_64\bin\jimage.dll
Event: 0.876 Loaded shared library c:\Users\Valdes-Hack\.vscode\extensions\redhat.java-1.54.0-win32-x64\jre\21.0.10-win32-x86_64\bin\verify.dll
Event: 5.449 Loaded shared library C:\Users\Valdes-Hack\AppData\Roaming\Code\User\globalStorage\redhat.java\1.54.0\config_win\org.eclipse.equinox.launcher\org.eclipse.equinox.launcher.win32.win32.x86_64_1.3.0.v20260203-2149\eclipse_11919.dll
Event: 13.109 Loaded shared library C:\Users\Valdes-Hack\AppData\Local\Temp\jna-1529563677\jna17728611013542148836.dll

Deoptimization events (20 events):
Event: 46.426 Thread 0x000002455fa0ede0 Uncommon trap: trap_request=0xffffffc6 fr.pc=0x00000245081d3b24 relative=0x0000000000004da4
Event: 46.426 Thread 0x000002455fa0ede0 Uncommon trap: reason=bimorphic_or_optimized_type_check action=maybe_recompile pc=0x00000245081d3b24 method=org.eclipse.jdt.internal.compiler.lookup.PackageBinding.hasCompilationUnit(Z)Z @ 93 c2
Event: 46.426 Thread 0x000002455fa0ede0 DEOPT PACKING pc=0x00000245081d3b24 sp=0x000000556e2fe310
Event: 46.426 Thread 0x000002455fa0ede0 DEOPT UNPACKING pc=0x0000024507583aa2 sp=0x000000556e2fe2e8 mode 2
Event: 46.426 Thread 0x000002455fa0ede0 Uncommon trap: trap_request=0xffffffc6 fr.pc=0x00000245081d3b24 relative=0x0000000000004da4
Event: 46.426 Thread 0x000002455fa0ede0 Uncommon trap: reason=bimorphic_or_optimized_type_check action=maybe_recompile pc=0x00000245081d3b24 method=org.eclipse.jdt.internal.compiler.lookup.PackageBinding.hasCompilationUnit(Z)Z @ 93 c2
Event: 46.426 Thread 0x000002455fa0ede0 DEOPT PACKING pc=0x00000245081d3b24 sp=0x000000556e2fe310
Event: 46.426 Thread 0x000002455fa0ede0 DEOPT UNPACKING pc=0x0000024507583aa2 sp=0x000000556e2fe2e8 mode 2
Event: 46.426 Thread 0x000002455fa0ede0 Uncommon trap: trap_request=0xffffffc6 fr.pc=0x0000024508184024 relative=0x0000000000005ec4
Event: 46.426 Thread 0x000002455fa0ede0 Uncommon trap: reason=bimorphic_or_optimized_type_check action=maybe_recompile pc=0x0000024508184024 method=org.eclipse.jdt.internal.compiler.lookup.LookupEnvironment.fromSplitPackageOrOracle(Lorg/eclipse/jdt/internal/compiler/env/IModuleAwareNameEnvironm
Event: 46.426 Thread 0x000002455fa0ede0 DEOPT PACKING pc=0x0000024508184024 sp=0x000000556e2fe300
Event: 46.426 Thread 0x000002455fa0ede0 DEOPT UNPACKING pc=0x0000024507583aa2 sp=0x000000556e2fe0f8 mode 2
Event: 46.450 Thread 0x000002455fa0ede0 Uncommon trap: trap_request=0xffffffde fr.pc=0x00000245083f4260 relative=0x0000000000001d40
Event: 46.450 Thread 0x000002455fa0ede0 Uncommon trap: reason=class_check action=maybe_recompile pc=0x00000245083f4260 method=org.eclipse.jdt.internal.core.JavaModelCache.getInfo(Lorg/eclipse/jdt/core/IJavaElement;)Lorg/eclipse/jdt/internal/compiler/env/IElementInfo; @ 91 c2
Event: 46.450 Thread 0x000002455fa0ede0 DEOPT PACKING pc=0x00000245083f4260 sp=0x000000556e2fdac0
Event: 46.450 Thread 0x000002455fa0ede0 DEOPT UNPACKING pc=0x0000024507583aa2 sp=0x000000556e2fda30 mode 2
Event: 46.450 Thread 0x000002455fa0ede0 Uncommon trap: trap_request=0xffffffde fr.pc=0x00000245083f4260 relative=0x0000000000001d40
Event: 46.450 Thread 0x000002455fa0ede0 Uncommon trap: reason=class_check action=maybe_recompile pc=0x00000245083f4260 method=org.eclipse.jdt.internal.core.JavaModelCache.getInfo(Lorg/eclipse/jdt/core/IJavaElement;)Lorg/eclipse/jdt/internal/compiler/env/IElementInfo; @ 91 c2
Event: 46.450 Thread 0x000002455fa0ede0 DEOPT PACKING pc=0x00000245083f4260 sp=0x000000556e2fd9f0
Event: 46.450 Thread 0x000002455fa0ede0 DEOPT UNPACKING pc=0x0000024507583aa2 sp=0x000000556e2fd950 mode 2

Classes loaded (20 events):
Event: 45.063 Loading class java/util/Collections$SynchronizedRandomAccessList
Event: 45.064 Loading class java/util/Collections$SynchronizedList
Event: 45.064 Loading class java/util/Collections$SynchronizedList done
Event: 45.064 Loading class java/util/Collections$SynchronizedRandomAccessList done
Event: 45.070 Loading class java/util/concurrent/CompletableFuture$Signaller
Event: 45.070 Loading class java/util/concurrent/CompletableFuture$Signaller done
Event: 45.084 Loading class java/util/concurrent/CompletableFuture$UniApply
Event: 45.085 Loading class java/util/concurrent/CompletableFuture$UniApply done
Event: 45.086 Loading class java/util/concurrent/CompletableFuture$UniExceptionally
Event: 45.086 Loading class java/util/concurrent/CompletableFuture$UniExceptionally done
Event: 45.482 Loading class java/nio/charset/CharacterCodingException
Event: 45.482 Loading class java/nio/charset/CharacterCodingException done
Event: 45.482 Loading class java/io/SequenceInputStream
Event: 45.482 Loading class java/io/SequenceInputStream done
Event: 46.015 Loading class javax/xml/transform/TransformerConfigurationException
Event: 46.016 Loading class javax/xml/transform/TransformerConfigurationException done
Event: 46.150 Loading class java/util/Hashtable$KeySet
Event: 46.150 Loading class java/util/Hashtable$KeySet done
Event: 46.171 Loading class java/lang/UnsupportedClassVersionError
Event: 46.171 Loading class java/lang/UnsupportedClassVersionError done

Classes unloaded (9 events):
Event: 15.372 Thread 0x000002457b6c24b0 Unloading class 0x00000245101aa800 'java/lang/invoke/LambdaForm$MH+0x00000245101aa800'
Event: 15.372 Thread 0x000002457b6c24b0 Unloading class 0x00000245101aa400 'java/lang/invoke/LambdaForm$MH+0x00000245101aa400'
Event: 15.372 Thread 0x000002457b6c24b0 Unloading class 0x00000245101aa000 'java/lang/invoke/LambdaForm$MH+0x00000245101aa000'
Event: 15.372 Thread 0x000002457b6c24b0 Unloading class 0x00000245101a9c00 'java/lang/invoke/LambdaForm$MH+0x00000245101a9c00'
Event: 15.372 Thread 0x000002457b6c24b0 Unloading class 0x00000245101a9800 'java/lang/invoke/LambdaForm$BMH+0x00000245101a9800'
Event: 15.372 Thread 0x000002457b6c24b0 Unloading class 0x00000245101a9400 'java/lang/invoke/LambdaForm$DMH+0x00000245101a9400'
Event: 15.372 Thread 0x000002457b6c24b0 Unloading class 0x00000245101a8000 'java/lang/invoke/LambdaForm$DMH+0x00000245101a8000'
Event: 33.783 Thread 0x000002457b6c24b0 Unloading class 0x000002451063c800 'java/lang/invoke/LambdaForm$MH+0x000002451063c800'
Event: 33.783 Thread 0x000002457b6c24b0 Unloading class 0x000002451063c000 'java/lang/invoke/LambdaForm$MH+0x000002451063c000'

Classes redefined (0 events):
No events

Internal exceptions (20 events):
Event: 45.563 Thread 0x0000024556c5dbc0 Exception <a 'sun/nio/fs/WindowsException'{0x00000000d58b73d8}> (0x00000000d58b73d8) 
thrown [s\src\hotspot\share\prims\jni.cpp, line 520]
Event: 45.563 Thread 0x0000024556c5dbc0 Exception <a 'sun/nio/fs/WindowsException'{0x00000000d58b7a28}> (0x00000000d58b7a28) 
thrown [s\src\hotspot\share\prims\jni.cpp, line 520]
Event: 45.581 Thread 0x000002457d64f7c0 Exception <a 'java/lang/NoSuchMethodError'{0x00000000d596af00}: 'void java.lang.invoke.DirectMethodHandle$Holder.invokeStatic(java.lang.Object, java.lang.Object, java.lang.Object, int)'> (0x00000000d596af00) 
thrown [s\src\hotspot\share\interpreter\linkResolver.cpp, line 773]
Event: 45.582 Thread 0x0000024556c5dbc0 Exception <a 'java/lang/IncompatibleClassChangeError'{0x00000000d5977ef0}: Found class java.lang.Object, but interface was expected> (0x00000000d5977ef0) 
thrown [s\src\hotspot\share\interpreter\linkResolver.cpp, line 840]
Event: 45.606 Thread 0x0000024556c5dbc0 Exception <a 'java/lang/IncompatibleClassChangeError'{0x00000000d5a986f0}: Found class java.lang.Object, but interface was expected> (0x00000000d5a986f0) 
thrown [s\src\hotspot\share\interpreter\linkResolver.cpp, line 840]
Event: 45.716 Thread 0x000002457d64f7c0 Exception <a 'java/lang/NoSuchMethodError'{0x00000000d55b6050}: 'void java.lang.invoke.DirectMethodHandle$Holder.invokeVirtual(java.lang.Object, java.lang.Object, int)'> (0x00000000d55b6050) 
thrown [s\src\hotspot\share\interpreter\linkResolver.cpp, line 773]
Event: 45.719 Thread 0x000002455fa10eb0 Exception <a 'java/lang/NoSuchMethodError'{0x00000000d55d1cf0}: 'java.lang.Object java.lang.invoke.DirectMethodHandle$Holder.invokeStaticInit(java.lang.Object, java.lang.Object, java.lang.Object)'> (0x00000000d55d1cf0) 
thrown [s\src\hotspot\share\interpreter\linkResolver.cpp, line 773]
Event: 45.734 Thread 0x0000024556c5dbc0 Exception <a 'java/lang/IncompatibleClassChangeError'{0x00000000d5632568}: Found class java.lang.Object, but interface was expected> (0x00000000d5632568) 
thrown [s\src\hotspot\share\interpreter\linkResolver.cpp, line 840]
Event: 45.987 Thread 0x000002457d64e410 Exception <a 'sun/nio/fs/WindowsException'{0x00000000d592aca0}> (0x00000000d592aca0) 
thrown [s\src\hotspot\share\prims\jni.cpp, line 520]
Event: 45.987 Thread 0x000002457d64e410 Exception <a 'sun/nio/fs/WindowsException'{0x00000000d592b548}> (0x00000000d592b548) 
thrown [s\src\hotspot\share\prims\jni.cpp, line 520]
Event: 46.008 Thread 0x000002457d64e410 Exception <a 'java/lang/NoSuchMethodError'{0x00000000d5ab9158}: 'java.lang.Object java.lang.invoke.Invokers$Holder.linkToTargetMethod(java.lang.Object, java.lang.Object, int, int, java.lang.Object)'> (0x00000000d5ab9158) 
thrown [s\src\hotspot\share\interpreter\linkResolver.cpp, line 773]
Event: 46.012 Thread 0x000002457d64e410 Exception <a 'java/lang/NoSuchMethodError'{0x00000000d5af76b8}: method resolution failed> (0x00000000d5af76b8) 
thrown [s\src\hotspot\share\prims\methodHandles.cpp, line 1136]
Event: 46.043 Thread 0x000002457d64f130 Exception <a 'java/lang/NoSuchMethodError'{0x00000000d56e31a0}: 'java.lang.Object java.lang.invoke.DirectMethodHandle$Holder.invokeSpecial(java.lang.Object, java.lang.Object, int, long)'> (0x00000000d56e31a0) 
thrown [s\src\hotspot\share\interpreter\linkResolver.cpp, line 773]
Event: 46.053 Thread 0x0000024556c5dbc0 Exception <a 'java/lang/IncompatibleClassChangeError'{0x00000000d58810d8}: Found class java.lang.Object, but interface was expected> (0x00000000d58810d8) 
thrown [s\src\hotspot\share\interpreter\linkResolver.cpp, line 840]
Event: 46.193 Thread 0x000002457d64e410 Exception <a 'sun/nio/fs/WindowsException'{0x00000000d5a71420}> (0x00000000d5a71420) 
thrown [s\src\hotspot\share\prims\jni.cpp, line 520]
Event: 46.193 Thread 0x000002457d64e410 Exception <a 'sun/nio/fs/WindowsException'{0x00000000d5a71a70}> (0x00000000d5a71a70) 
thrown [s\src\hotspot\share\prims\jni.cpp, line 520]
Event: 46.197 Thread 0x000002457d64e410 Exception <a 'sun/nio/fs/WindowsException'{0x00000000d5ab9d50}> (0x00000000d5ab9d50) 
thrown [s\src\hotspot\share\prims\jni.cpp, line 520]
Event: 46.197 Thread 0x000002457d64e410 Exception <a 'sun/nio/fs/WindowsException'{0x00000000d5aba3a0}> (0x00000000d5aba3a0) 
thrown [s\src\hotspot\share\prims\jni.cpp, line 520]
Event: 46.213 Thread 0x000002455fa0ede0 Exception <a 'java/lang/NoSuchMethodError'{0x00000000d5b81ba0}: 'int java.lang.invoke.Invokers$Holder.invokeExact_MT(java.lang.Object, java.lang.Object)'> (0x00000000d5b81ba0) 
thrown [s\src\hotspot\share\interpreter\linkResolver.cpp, line 773]
Event: 46.339 Thread 0x000002455fa0ede0 Exception <a 'java/lang/IncompatibleClassChangeError'{0x00000000d5b5dfe8}: Found class java.lang.Object, but interface was expected> (0x00000000d5b5dfe8) 
thrown [s\src\hotspot\share\interpreter\linkResolver.cpp, line 840]

ZGC Phase Switch (0 events):
No events

VM Operations (20 events):
Event: 45.307 Executing safepoint VM operation: ParallelGCFailedAllocation (Allocation Failure)
Event: 45.310 Executing safepoint VM operation: ParallelGCFailedAllocation (Allocation Failure) done
Event: 45.430 Executing safepoint VM operation: ParallelGCFailedAllocation (Allocation Failure)
Event: 45.433 Executing safepoint VM operation: ParallelGCFailedAllocation (Allocation Failure) done
Event: 45.510 Executing safepoint VM operation: ParallelGCFailedAllocation (Allocation Failure)
Event: 45.527 Executing safepoint VM operation: ParallelGCFailedAllocation (Allocation Failure) done
Event: 45.696 Executing safepoint VM operation: ParallelGCFailedAllocation (Allocation Failure)
Event: 45.712 Executing safepoint VM operation: ParallelGCFailedAllocation (Allocation Failure) done
Event: 46.020 Executing safepoint VM operation: ParallelGCFailedAllocation (Allocation Failure)
Event: 46.023 Executing safepoint VM operation: ParallelGCFailedAllocation (Allocation Failure) done
Event: 46.101 Executing safepoint VM operation: ParallelGCFailedAllocation (Allocation Failure)
Event: 46.114 Executing safepoint VM operation: ParallelGCFailedAllocation (Allocation Failure) done
Event: 46.187 Executing non-safepoint VM operation: HandshakeAllThreads (Deoptimize)
Event: 46.205 Executing non-safepoint VM operation: HandshakeAllThreads (Deoptimize) done
Event: 46.220 Executing safepoint VM operation: ParallelGCFailedAllocation (Allocation Failure)
Event: 46.237 Executing safepoint VM operation: ParallelGCFailedAllocation (Allocation Failure) done
Event: 46.345 Executing safepoint VM operation: ParallelGCFailedAllocation (Allocation Failure)
Event: 46.364 Executing safepoint VM operation: ParallelGCFailedAllocation (Allocation Failure) done
Event: 46.432 Executing non-safepoint VM operation: HandshakeAllThreads (Deoptimize)
Event: 46.433 Executing non-safepoint VM operation: HandshakeAllThreads (Deoptimize) done

Memory protections (0 events):
No events

Nmethod flushes (20 events):
Event: 33.835 Thread 0x000002457b6c24b0 flushing  nmethod 0x0000024500a7cb10
Event: 33.835 Thread 0x000002457b6c24b0 flushing  nmethod 0x0000024500a86890
Event: 33.835 Thread 0x000002457b6c24b0 flushing  nmethod 0x0000024500a88310
Event: 33.835 Thread 0x000002457b6c24b0 flushing  nmethod 0x0000024500a88690
Event: 33.835 Thread 0x000002457b6c24b0 flushing  nmethod 0x0000024500a88b10
Event: 33.836 Thread 0x000002457b6c24b0 flushing  nmethod 0x0000024500a8b790
Event: 33.836 Thread 0x000002457b6c24b0 flushing  nmethod 0x0000024500a8c390
Event: 33.836 Thread 0x000002457b6c24b0 flushing  nmethod 0x0000024500a8c710
Event: 33.836 Thread 0x000002457b6c24b0 flushing  nmethod 0x0000024500a8eb10
Event: 33.836 Thread 0x000002457b6c24b0 flushing  nmethod 0x0000024500aae810
Event: 33.836 Thread 0x000002457b6c24b0 flushing  nmethod 0x0000024500ae8310
Event: 33.836 Thread 0x000002457b6c24b0 flushing  nmethod 0x0000024500aff990
Event: 33.836 Thread 0x000002457b6c24b0 flushing  nmethod 0x0000024500b07390
Event: 33.836 Thread 0x000002457b6c24b0 flushing  nmethod 0x0000024500b09890
Event: 33.836 Thread 0x000002457b6c24b0 flushing  nmethod 0x0000024500b0ef10
Event: 33.836 Thread 0x000002457b6c24b0 flushing  nmethod 0x0000024500b10390
Event: 33.836 Thread 0x000002457b6c24b0 flushing  nmethod 0x0000024500b10990
Event: 33.836 Thread 0x000002457b6c24b0 flushing  nmethod 0x0000024500b11210
Event: 33.836 Thread 0x000002457b6c24b0 flushing  nmethod 0x0000024500b11d90
Event: 33.836 Thread 0x000002457b6c24b0 flushing  nmethod 0x0000024500b13990

Events (20 events):
Event: 34.846 Thread 0x000002457d64eaa0 Thread added: 0x0000024556325e30
Event: 34.902 Thread 0x000002457d64eaa0 Thread added: 0x0000024556327f00
Event: 35.136 Thread 0x000002457d64eaa0 Thread added: 0x0000024556325110
Event: 35.165 Thread 0x000002457d64eaa0 Thread added: 0x00000245563271e0
Event: 40.079 Thread 0x000002457d64f130 Thread added: 0x0000024556328590
Event: 42.632 Thread 0x000002457df98b60 Thread exited: 0x000002457df98b60
Event: 43.525 Thread 0x000002457b7153b0 Thread added: 0x000002456023aa10
Event: 44.184 Thread 0x000002456023aa10 Thread exited: 0x000002456023aa10
Event: 44.539 Thread 0x000002457b7153b0 Thread added: 0x000002456023c550
Event: 44.908 Thread 0x000002456023c550 Thread exited: 0x000002456023c550
Event: 44.921 Thread 0x000002457df9a6a0 Thread exited: 0x000002457df9a6a0
Event: 45.050 Thread 0x0000024556328590 Thread exited: 0x0000024556328590
Event: 45.087 Thread 0x0000024556c5dbc0 Thread added: 0x0000024556328590
Event: 45.089 Thread 0x0000024556c5dbc0 Thread added: 0x000002455fa11540
Event: 45.090 Thread 0x0000024556c5dbc0 Thread added: 0x000002455fa10eb0
Event: 45.090 Thread 0x000002455fa10eb0 Thread added: 0x000002455fa0ede0
Event: 45.091 Thread 0x000002455fa0ede0 Thread added: 0x000002455fa0e0c0
Event: 45.096 Thread 0x000002457b7153b0 Thread added: 0x000002456023be80
Event: 45.131 Thread 0x000002457b7153b0 Thread added: 0x000002456023a340
Event: 45.597 Thread 0x0000024556c5dbc0 Thread added: 0x000002455fa0e750


Dynamic libraries:
0x00007ff7aeeb0000 - 0x00007ff7aeebe000 	c:\Users\Valdes-Hack\.vscode\extensions\redhat.java-1.54.0-win32-x64\jre\21.0.10-win32-x86_64\bin\java.exe
0x00007ffd6cb00000 - 0x00007ffd6cd67000 	C:\WINDOWS\SYSTEM32\ntdll.dll
0x00007ffd6a8c0000 - 0x00007ffd6a989000 	C:\WINDOWS\System32\KERNEL32.DLL
0x00007ffd6a110000 - 0x00007ffd6a507000 	C:\WINDOWS\System32\KERNELBASE.dll
0x00007ffd69fc0000 - 0x00007ffd6a10b000 	C:\WINDOWS\System32\ucrtbase.dll
0x00007ffd2dec0000 - 0x00007ffd2ded8000 	c:\Users\Valdes-Hack\.vscode\extensions\redhat.java-1.54.0-win32-x64\jre\21.0.10-win32-x86_64\bin\jli.dll
0x00007ffd22a50000 - 0x00007ffd22a6e000 	c:\Users\Valdes-Hack\.vscode\extensions\redhat.java-1.54.0-win32-x64\jre\21.0.10-win32-x86_64\bin\VCRUNTIME140.dll
0x00007ffd6be60000 - 0x00007ffd6c026000 	C:\WINDOWS\System32\USER32.dll
0x00007ffd4c8b0000 - 0x00007ffd4cb42000 	C:\WINDOWS\WinSxS\amd64_microsoft.windows.common-controls_6595b64144ccf1df_6.0.26100.8457_none_3e0b2faee331e92d\COMCTL32.dll
0x00007ffd6a510000 - 0x00007ffd6a537000 	C:\WINDOWS\System32\win32u.dll
0x00007ffd6c120000 - 0x00007ffd6c1c9000 	C:\WINDOWS\System32\msvcrt.dll
0x00007ffd6bda0000 - 0x00007ffd6bdcb000 	C:\WINDOWS\System32\GDI32.dll
0x00007ffd6a750000 - 0x00007ffd6a87c000 	C:\WINDOWS\System32\gdi32full.dll
0x00007ffd69530000 - 0x00007ffd695d3000 	C:\WINDOWS\System32\msvcp_win.dll
0x00007ffd6a880000 - 0x00007ffd6a8b2000 	C:\WINDOWS\System32\IMM32.DLL
0x00007ffd32230000 - 0x00007ffd3223c000 	c:\Users\Valdes-Hack\.vscode\extensions\redhat.java-1.54.0-win32-x64\jre\21.0.10-win32-x86_64\bin\vcruntime140_1.dll
0x00007ffcf9340000 - 0x00007ffcf93cd000 	c:\Users\Valdes-Hack\.vscode\extensions\redhat.java-1.54.0-win32-x64\jre\21.0.10-win32-x86_64\bin\msvcp140.dll
0x00007ffcb1c80000 - 0x00007ffcb2a21000 	c:\Users\Valdes-Hack\.vscode\extensions\redhat.java-1.54.0-win32-x64\jre\21.0.10-win32-x86_64\bin\server\jvm.dll
0x00007ffd6c040000 - 0x00007ffd6c0f6000 	C:\WINDOWS\System32\ADVAPI32.dll
0x00007ffd6b7c0000 - 0x00007ffd6b867000 	C:\WINDOWS\System32\sechost.dll
0x00007ffd6c250000 - 0x00007ffd6c368000 	C:\WINDOWS\System32\RPCRT4.dll
0x00007ffd6b960000 - 0x00007ffd6b9e0000 	C:\WINDOWS\System32\WS2_32.dll
0x00007ffd68b80000 - 0x00007ffd68bde000 	C:\WINDOWS\SYSTEM32\POWRPROF.dll
0x00007ffd62da0000 - 0x00007ffd62dab000 	C:\WINDOWS\SYSTEM32\VERSION.dll
0x00007ffd53e00000 - 0x00007ffd53e36000 	C:\WINDOWS\SYSTEM32\WINMM.dll
0x00007ffd68b10000 - 0x00007ffd68b24000 	C:\WINDOWS\SYSTEM32\UMPDC.dll
0x00007ffd682f0000 - 0x00007ffd6830b000 	C:\WINDOWS\SYSTEM32\kernel.appcore.dll
0x00007ffd1ec70000 - 0x00007ffd1ec7a000 	c:\Users\Valdes-Hack\.vscode\extensions\redhat.java-1.54.0-win32-x64\jre\21.0.10-win32-x86_64\bin\jimage.dll
0x00007ffd67000000 - 0x00007ffd67242000 	C:\WINDOWS\SYSTEM32\DBGHELP.DLL
0x00007ffd6b300000 - 0x00007ffd6b683000 	C:\WINDOWS\System32\combase.dll
0x00007ffd6b880000 - 0x00007ffd6b959000 	C:\WINDOWS\System32\OLEAUT32.dll
0x00007ffd3ba80000 - 0x00007ffd3babb000 	C:\WINDOWS\SYSTEM32\dbgcore.DLL
0x00007ffd696a0000 - 0x00007ffd69748000 	C:\WINDOWS\System32\bcryptPrimitives.dll
0x00007ffd645b0000 - 0x00007ffd645bf000 	c:\Users\Valdes-Hack\.vscode\extensions\redhat.java-1.54.0-win32-x64\jre\21.0.10-win32-x86_64\bin\instrument.dll
0x00007ffcf9320000 - 0x00007ffcf9340000 	c:\Users\Valdes-Hack\.vscode\extensions\redhat.java-1.54.0-win32-x64\jre\21.0.10-win32-x86_64\bin\java.dll
0x00007ffd6a990000 - 0x00007ffd6b0fe000 	C:\WINDOWS\System32\SHELL32.dll
0x00007ffd69750000 - 0x00007ffd69fbc000 	C:\WINDOWS\System32\windows.storage.dll
0x00007ffd6b690000 - 0x00007ffd6b786000 	C:\WINDOWS\System32\SHCORE.dll
0x00007ffd6bac0000 - 0x00007ffd6bb26000 	C:\WINDOWS\System32\shlwapi.dll
0x00007ffd69450000 - 0x00007ffd69479000 	C:\WINDOWS\SYSTEM32\profapi.dll
0x00007ffcf9300000 - 0x00007ffcf9318000 	c:\Users\Valdes-Hack\.vscode\extensions\redhat.java-1.54.0-win32-x64\jre\21.0.10-win32-x86_64\bin\zip.dll
0x00007ffcf92f0000 - 0x00007ffcf9300000 	C:\Users\Valdes-Hack\.vscode\extensions\redhat.java-1.54.0-win32-x64\jre\21.0.10-win32-x86_64\bin\net.dll
0x00007ffd617f0000 - 0x00007ffd61919000 	C:\WINDOWS\SYSTEM32\WINHTTP.dll
0x00007ffd68840000 - 0x00007ffd688ac000 	C:\WINDOWS\system32\mswsock.dll
0x00007ffcf9250000 - 0x00007ffcf9266000 	C:\Users\Valdes-Hack\.vscode\extensions\redhat.java-1.54.0-win32-x64\jre\21.0.10-win32-x86_64\bin\nio.dll
0x00007ffd645a0000 - 0x00007ffd645b0000 	c:\Users\Valdes-Hack\.vscode\extensions\redhat.java-1.54.0-win32-x64\jre\21.0.10-win32-x86_64\bin\verify.dll
0x00007ffd50dd0000 - 0x00007ffd50e15000 	C:\Users\Valdes-Hack\AppData\Roaming\Code\User\globalStorage\redhat.java\1.54.0\config_win\org.eclipse.equinox.launcher\org.eclipse.equinox.launcher.win32.win32.x86_64_1.3.0.v20260203-2149\eclipse_11919.dll
0x00007ffd6b160000 - 0x00007ffd6b2f7000 	C:\WINDOWS\System32\ole32.dll
0x00007ffd68cf0000 - 0x00007ffd68d0b000 	C:\WINDOWS\SYSTEM32\CRYPTSP.dll
0x00007ffd681e0000 - 0x00007ffd68219000 	C:\WINDOWS\system32\rsaenh.dll
0x00007ffd688f0000 - 0x00007ffd68923000 	C:\WINDOWS\SYSTEM32\USERENV.dll
0x00007ffd69420000 - 0x00007ffd6944a000 	C:\WINDOWS\SYSTEM32\bcrypt.dll
0x00007ffd68ac0000 - 0x00007ffd68acc000 	C:\WINDOWS\SYSTEM32\CRYPTBASE.dll
0x00007ffd67c70000 - 0x00007ffd67ca2000 	C:\WINDOWS\SYSTEM32\IPHLPAPI.DLL
0x00007ffd6c030000 - 0x00007ffd6c03a000 	C:\WINDOWS\System32\NSI.dll
0x00007ffd3da40000 - 0x00007ffd3da89000 	C:\Users\Valdes-Hack\AppData\Local\Temp\jna-1529563677\jna17728611013542148836.dll
0x00007ffd6bab0000 - 0x00007ffd6bab8000 	C:\WINDOWS\System32\PSAPI.DLL
0x00007ffd61ab0000 - 0x00007ffd61acd000 	C:\WINDOWS\SYSTEM32\dhcpcsvc6.DLL
0x00007ffd60ea0000 - 0x00007ffd60ec5000 	C:\WINDOWS\SYSTEM32\dhcpcsvc.DLL

JVMTI agents:
c:\Users\Valdes-Hack\.vscode\extensions\redhat.java-1.54.0-win32-x64\lombok\lombok-1.18.39-4050.jar path:c:\Users\Valdes-Hack\.vscode\extensions\redhat.java-1.54.0-win32-x64\jre\21.0.10-win32-x86_64\bin\instrument.dll, loaded, initialized, instrumentlib options:none

dbghelp: loaded successfully - version: 4.0.5 - missing functions: none
symbol engine: initialized successfully - sym options: 0x614 - pdb path: .;c:\Users\Valdes-Hack\.vscode\extensions\redhat.java-1.54.0-win32-x64\jre\21.0.10-win32-x86_64\bin;C:\WINDOWS\SYSTEM32;C:\WINDOWS\WinSxS\amd64_microsoft.windows.common-controls_6595b64144ccf1df_6.0.26100.8457_none_3e0b2faee331e92d;c:\Users\Valdes-Hack\.vscode\extensions\redhat.java-1.54.0-win32-x64\jre\21.0.10-win32-x86_64\bin\server;C:\Users\Valdes-Hack\AppData\Roaming\Code\User\globalStorage\redhat.java\1.54.0\config_win\org.eclipse.equinox.launcher\org.eclipse.equinox.launcher.win32.win32.x86_64_1.3.0.v20260203-2149;C:\Users\Valdes-Hack\AppData\Local\Temp\jna-1529563677

VM Arguments:
jvm_args: --add-modules=ALL-SYSTEM --add-opens=java.base/java.util=ALL-UNNAMED --add-opens=java.base/java.lang=ALL-UNNAMED --add-opens=java.base/sun.nio.fs=ALL-UNNAMED -Declipse.application=org.eclipse.jdt.ls.core.id1 -Dosgi.bundles.defaultStartLevel=4 -Declipse.product=org.eclipse.jdt.ls.core.product -Djava.import.generatesMetadataFilesAtProjectRoot=false -DDetectVMInstallationsJob.disabled=true -Dfile.encoding=utf8 -XX:+UseParallelGC -XX:GCTimeRatio=4 -XX:AdaptiveSizePolicyWeight=90 -Dsun.zip.disableMemoryMapping=true -Xmx2G -Xms100m -Xlog:disable -javaagent:c:\Users\Valdes-Hack\.vscode\extensions\redhat.java-1.54.0-win32-x64\lombok\lombok-1.18.39-4050.jar -XX:+HeapDumpOnOutOfMemoryError -XX:HeapDumpPath=c:\Users\Valdes-Hack\AppData\Roaming\Code\User\workspaceStorage\c0384874cfa9d64ca0dd72ffd18dd926\redhat.java -Daether.dependencyCollector.impl=bf 
java_command: c:\Users\Valdes-Hack\.vscode\extensions\redhat.java-1.54.0-win32-x64\server\plugins\org.eclipse.equinox.launcher_1.7.100.v20251111-0406.jar -configuration c:\Users\Valdes-Hack\AppData\Roaming\Code\User\globalStorage\redhat.java\1.54.0\config_win -data c:\Users\Valdes-Hack\AppData\Roaming\Code\User\workspaceStorage\c0384874cfa9d64ca0dd72ffd18dd926\redhat.java\jdt_ws --pipe=\\.\pipe\lsp-ca4e3d217d3b96cd798f805818779d1f-sock
java_class_path (initial): c:\Users\Valdes-Hack\.vscode\extensions\redhat.java-1.54.0-win32-x64\server\plugins\org.eclipse.equinox.launcher_1.7.100.v20251111-0406.jar
Launcher Type: SUN_STANDARD

[Global flags]
    uintx AdaptiveSizePolicyWeight                 = 90                                        {product} {command line}
     intx CICompilerCount                          = 4                                         {product} {ergonomic}
    uintx GCTimeRatio                              = 4                                         {product} {command line}
     bool HeapDumpOnOutOfMemoryError               = true                                   {manageable} {command line}
    ccstr HeapDumpPath                             = c:\Users\Valdes-Hack\AppData\Roaming\Code\User\workspaceStorage\c0384874cfa9d64ca0dd72ffd18dd926\redhat.java         {manageable} {command line}
   size_t InitialHeapSize                          = 104857600                                 {product} {command line}
   size_t MaxHeapSize                              = 2147483648                                {product} {command line}
   size_t MaxNewSize                               = 715653120                                 {product} {ergonomic}
   size_t MinHeapDeltaBytes                        = 524288                                    {product} {ergonomic}
   size_t MinHeapSize                              = 104857600                                 {product} {command line}
   size_t NewSize                                  = 34603008                                  {product} {ergonomic}
    uintx NonNMethodCodeHeapSize                   = 5839372                                {pd product} {ergonomic}
    uintx NonProfiledCodeHeapSize                  = 122909434                              {pd product} {ergonomic}
   size_t OldSize                                  = 70254592                                  {product} {ergonomic}
    uintx ProfiledCodeHeapSize                     = 122909434                              {pd product} {ergonomic}
    uintx ReservedCodeCacheSize                    = 251658240                              {pd product} {ergonomic}
     bool SegmentedCodeCache                       = true                                      {product} {ergonomic}
   size_t SoftMaxHeapSize                          = 2147483648                             {manageable} {ergonomic}
     bool UseCompressedOops                        = true                           {product lp64_product} {ergonomic}
     bool UseLargePagesIndividualAllocation        = false                                  {pd product} {ergonomic}
     bool UseParallelGC                            = true                                      {product} {command line}

Logging:
Log output configuration:
 #0: stdout all=off uptime,level,tags foldmultilines=false
 #1: stderr all=off uptime,level,tags foldmultilines=false

Release file:
JAVA_VERSION="21.0.10" 
MODULES="java.base java.compiler java.datatransfer java.xml java.prefs java.desktop java.instrument java.logging java.management java.security.sasl java.naming java.rmi java.management.rmi java.net.http java.scripting java.security.jgss java.transaction.xa java.sql java.sql.rowset java.xml.crypto java.se java.smartcardio jdk.accessibility jdk.internal.jvmstat jdk.attach jdk.charsets jdk.internal.opt jdk.zipfs jdk.compiler jdk.crypto.ec jdk.crypto.cryptoki jdk.crypto.mscapi jdk.dynalink jdk.internal.ed jdk.editpad jdk.hotspot.agent jdk.httpserver jdk.internal.le jdk.internal.vm.ci jdk.internal.vm.compiler jdk.internal.vm.compiler.management jdk.jartool jdk.javadoc jdk.jcmd jdk.management jdk.management.agent jdk.jconsole jdk.jdeps jdk.jdwp.agent jdk.jdi jdk.jfr jdk.jshell jdk.jsobject jdk.jstatd jdk.localedata jdk.management.jfr jdk.naming.dns jdk.naming.rmi jdk.net jdk.nio.mapmode jdk.random jdk.sctp jdk.security.auth jdk.security.jgss jdk.unsupported jdk.unsupported.desktop jdk.xml.dom" 

Environment Variables:
JAVA_HOME=C:\Program Files\Java\jdk-21.0.10
PATH=C:\Users\Valdes-Hack\AppData\Local\Programs\Microsoft VS Code;C:\Program Files\Common Files\Oracle\Java\javapath;C:\Program Files (x86)\Common Files\Oracle\Java\java8path;C:\Program Files (x86)\Common Files\Oracle\Java\javapath;C:\WINDOWS\system32;C:\WINDOWS;C:\WINDOWS\System32\Wbem;C:\WINDOWS\System32\WindowsPowerShell\v1.0\;C:\WINDOWS\System32\OpenSSH\;C:\Program Files\Git\cmd;C:\Program Files\nodejs\;C:\Program Files\dotnet\;C:\Program Files\Microsoft SQL Server\170\Tools\Binn\;C:\Program Files\Microsoft SQL Server\Client SDK\ODBC\170\Tools\Binn\;C:\Users\Valdes-Hack\.local\bin;C:\Users\Valdes-Hack\AppData\Local\Microsoft\WindowsApps;C:\Users\Valdes-Hack\AppData\Roaming\npm;C:\Users\Valdes-Hack\AppData\Local\Programs\Microsoft VS Code\bin;C:\Users\Valdes-Hack\AppData\Local\Programs\Antigravity\bin;C:\Users\Valdes-Hack\AppData\Local\Programs\Windsurf\bin;C:\Users\Valdes-Hack\AppData\Local\Python\bin;C:\Users\Valdes-Hack\.dotnet\tools;C:\Users\Valdes-Hack\AppData\Local\Programs\cursor\resources\app\bin
USERNAME=Valdes-Hack
OS=Windows_NT
PROCESSOR_IDENTIFIER=Intel64 Family 6 Model 158 Stepping 9, GenuineIntel
TMP=C:\Users\VALDES~1\AppData\Local\Temp
TEMP=C:\Users\VALDES~1\AppData\Local\Temp




Periodic native trim disabled

---------------  S Y S T E M  ---------------

OS:
 Windows 11 , 64 bit Build 26100 (10.0.26100.8328)
OS uptime: 1 days 2:13 hours
Hyper-V role detected

CPU: total 8 (initial active 8) (4 cores per cpu, 2 threads per core) family 6 model 158 stepping 9 microcode 0xf0, cx8, cmov, fxsr, ht, mmx, 3dnowpref, sse, sse2, sse3, ssse3, sse4.1, sse4.2, popcnt, lzcnt, tsc, tscinvbit, avx, avx2, aes, erms, clmul, bmi1, bmi2, rtm, adx, fma, vzeroupper, clflush, clflushopt, hv, rdtscp, f16c
Processor Information for the first 8 processors :
  Max Mhz: 2904, Current Mhz: 2904, Mhz Limit: 2904

Memory: 4k page, system-wide physical 16259M (835M free)
TotalPageFile size 41494M (AvailPageFile size 21M)
current process WorkingSet (physical memory assigned to process): 363M, peak: 363M
current process commit charge ("private bytes"): 434M, peak: 434M

vm_info: OpenJDK 64-Bit Server VM (21.0.10+7-LTS) for windows-amd64 JRE (21.0.10+7-LTS), built on 2026-01-20T00:00:00Z by "admin" with MS VC++ 17.12 (VS2022)

END.
